The system is: Linux - 5.17.7-arch1-1 - x86_64
Compiling the C compiler identification source file "CMakeCCompilerId.c" succeeded.
Compiler: /usr/bin/clang 
Build flags: 
Id flags:  

The output was:
0


Compilation of the C compiler identification source "CMakeCCompilerId.c" produced "a.out"

The C compiler identification is Clang, found in "/home/ego/projects/wut-cuda-orb-slam3/cmake-build-debug/CMakeFiles/3.22.3/CompilerIdC/a.out"

Compiling the CXX compiler identification source file "CMakeCXXCompilerId.cpp" succeeded.
Compiler: /usr/bin/clang++ 
Build flags: 
Id flags:  

The output was:
0


Compilation of the CXX compiler identification source "CMakeCXXCompilerId.cpp" produced "a.out"

The CXX compiler identification is Clang, found in "/home/ego/projects/wut-cuda-orb-slam3/cmake-build-debug/CMakeFiles/3.22.3/CompilerIdCXX/a.out"

Detecting C compiler ABI info compiled with the following output:
Change Dir: /home/ego/projects/wut-cuda-orb-slam3/cmake-build-debug/CMakeFiles/CMakeTmp

Run Build Command(s):/home/ego/apps/clion/bin/ninja/linux/ninja cmTC_425ca && [1/2] Building C object CMakeFiles/cmTC_425ca.dir/CMakeCCompilerABI.c.o
clang version 13.0.1
Target: x86_64-pc-linux-gnu
Thread model: posix
InstalledDir: /usr/bin
Found candidate GCC installation: /usr/bin/../lib/gcc/x86_64-pc-linux-gnu/12.1.0
Found candidate GCC installation: /usr/bin/../lib64/gcc/x86_64-pc-linux-gnu/12.1.0
Selected GCC installation: /usr/bin/../lib64/gcc/x86_64-pc-linux-gnu/12.1.0
Candidate multilib: .;@m64
Candidate multilib: 32;@m32
Selected multilib: .;@m64
Found HIP installation: /opt/rocm, version 4.3.21346-3ac9bda
 (in-process)
 "/usr/bin/clang-13" -cc1 -triple x86_64-pc-linux-gnu -emit-obj -mrelax-all --mrelax-relocations -disable-free -disable-llvm-verifier -discard-value-names -main-file-name CMakeCCompilerABI.c -mrelocation-model pic -pic-level 2 -pic-is-pie -mframe-pointer=all -fmath-errno -fno-rounding-math -mconstructor-aliases -munwind-tables -target-cpu x86-64 -tune-cpu generic -debugger-tuning=gdb -v -fcoverage-compilation-dir=/home/ego/projects/wut-cuda-orb-slam3/cmake-build-debug/CMakeFiles/CMakeTmp -resource-dir /usr/lib/clang/13.0.1 -dependency-file CMakeFiles/cmTC_425ca.dir/CMakeCCompilerABI.c.o.d -MT CMakeFiles/cmTC_425ca.dir/CMakeCCompilerABI.c.o -sys-header-deps -internal-isystem /usr/lib/clang/13.0.1/include -internal-isystem /usr/local/include -internal-isystem /usr/bin/../lib64/gcc/x86_64-pc-linux-gnu/12.1.0/../../../../x86_64-pc-linux-gnu/include -internal-externc-isystem /include -internal-externc-isystem /usr/include -fdebug-compilation-dir=/home/ego/projects/wut-cuda-orb-slam3/cmake-build-debug/CMakeFiles/CMakeTmp -ferror-limit 19 -stack-protector 2 -fgnuc-version=4.2.1 -faddrsig -D__GCC_HAVE_DWARF2_CFI_ASM=1 -o CMakeFiles/cmTC_425ca.dir/CMakeCCompilerABI.c.o -x c /home/ego/apps/clion/bin/cmake/linux/share/cmake-3.22/Modules/CMakeCCompilerABI.c
clang -cc1 version 13.0.1 based upon LLVM 13.0.1 default target x86_64-pc-linux-gnu
ignoring nonexistent directory "/usr/bin/../lib64/gcc/x86_64-pc-linux-gnu/12.1.0/../../../../x86_64-pc-linux-gnu/include"
ignoring nonexistent directory "/include"
#include "..." search starts here:
#include <...> search starts here:
 /usr/lib/clang/13.0.1/include
 /usr/local/include
 /usr/include
End of search list.
[2/2] Linking C executable cmTC_425ca
clang version 13.0.1
Target: x86_64-pc-linux-gnu
Thread model: posix
InstalledDir: /usr/bin
Found candidate GCC installation: /usr/bin/../lib/gcc/x86_64-pc-linux-gnu/12.1.0
Found candidate GCC installation: /usr/bin/../lib64/gcc/x86_64-pc-linux-gnu/12.1.0
Selected GCC installation: /usr/bin/../lib64/gcc/x86_64-pc-linux-gnu/12.1.0
Candidate multilib: .;@m64
Candidate multilib: 32;@m32
Selected multilib: .;@m64
Found HIP installation: /opt/rocm, version 4.3.21346-3ac9bda
 "/usr/bin/ld" -pie --eh-frame-hdr -m elf_x86_64 -dynamic-linker /lib64/ld-linux-x86-64.so.2 -o cmTC_425ca /usr/bin/../lib64/gcc/x86_64-pc-linux-gnu/12.1.0/../../../../lib64/Scrt1.o /usr/bin/../lib64/gcc/x86_64-pc-linux-gnu/12.1.0/../../../../lib64/crti.o /usr/bin/../lib64/gcc/x86_64-pc-linux-gnu/12.1.0/crtbeginS.o -L/usr/bin/../lib64/gcc/x86_64-pc-linux-gnu/12.1.0 -L/usr/bin/../lib64/gcc/x86_64-pc-linux-gnu/12.1.0/../../../../lib64 -L/lib/../lib64 -L/usr/lib/../lib64 -L/usr/bin/../lib -L/lib -L/usr/lib CMakeFiles/cmTC_425ca.dir/CMakeCCompilerABI.c.o -lgcc --as-needed -lgcc_s --no-as-needed -lc -lgcc --as-needed -lgcc_s --no-as-needed /usr/bin/../lib64/gcc/x86_64-pc-linux-gnu/12.1.0/crtendS.o /usr/bin/../lib64/gcc/x86_64-pc-linux-gnu/12.1.0/../../../../lib64/crtn.o



Parsed C implicit include dir info from above output: rv=done
  found start of include info
  found start of implicit include info
    add: [/usr/lib/clang/13.0.1/include]
    add: [/usr/local/include]
    add: [/usr/include]
  end of search list found
  collapse include dir [/usr/lib/clang/13.0.1/include] ==> [/usr/lib/clang/13.0.1/include]
  collapse include dir [/usr/local/include] ==> [/usr/local/include]
  collapse include dir [/usr/include] ==> [/usr/include]
  implicit include dirs: [/usr/lib/clang/13.0.1/include;/usr/local/include;/usr/include]


Parsed C implicit link information from above output:
  link line regex: [^( *|.*[/\])(ld\.lld|CMAKE_LINK_STARTFILE-NOTFOUND|([^/\]+-)?ld|collect2)[^/\]*( |$)]
  ignore line: [Change Dir: /home/ego/projects/wut-cuda-orb-slam3/cmake-build-debug/CMakeFiles/CMakeTmp]
  ignore line: []
  ignore line: [Run Build Command(s):/home/ego/apps/clion/bin/ninja/linux/ninja cmTC_425ca && [1/2] Building C object CMakeFiles/cmTC_425ca.dir/CMakeCCompilerABI.c.o]
  ignore line: [clang version 13.0.1]
  ignore line: [Target: x86_64-pc-linux-gnu]
  ignore line: [Thread model: posix]
  ignore line: [InstalledDir: /usr/bin]
  ignore line: [Found candidate GCC installation: /usr/bin/../lib/gcc/x86_64-pc-linux-gnu/12.1.0]
  ignore line: [Found candidate GCC installation: /usr/bin/../lib64/gcc/x86_64-pc-linux-gnu/12.1.0]
  ignore line: [Selected GCC installation: /usr/bin/../lib64/gcc/x86_64-pc-linux-gnu/12.1.0]
  ignore line: [Candidate multilib: .]
  ignore line: [@m64]
  ignore line: [Candidate multilib: 32]
  ignore line: [@m32]
  ignore line: [Selected multilib: .]
  ignore line: [@m64]
  ignore line: [Found HIP installation: /opt/rocm  version 4.3.21346-3ac9bda]
  ignore line: [ (in-process)]
  ignore line: [ "/usr/bin/clang-13" -cc1 -triple x86_64-pc-linux-gnu -emit-obj -mrelax-all --mrelax-relocations -disable-free -disable-llvm-verifier -discard-value-names -main-file-name CMakeCCompilerABI.c -mrelocation-model pic -pic-level 2 -pic-is-pie -mframe-pointer=all -fmath-errno -fno-rounding-math -mconstructor-aliases -munwind-tables -target-cpu x86-64 -tune-cpu generic -debugger-tuning=gdb -v -fcoverage-compilation-dir=/home/ego/projects/wut-cuda-orb-slam3/cmake-build-debug/CMakeFiles/CMakeTmp -resource-dir /usr/lib/clang/13.0.1 -dependency-file CMakeFiles/cmTC_425ca.dir/CMakeCCompilerABI.c.o.d -MT CMakeFiles/cmTC_425ca.dir/CMakeCCompilerABI.c.o -sys-header-deps -internal-isystem /usr/lib/clang/13.0.1/include -internal-isystem /usr/local/include -internal-isystem /usr/bin/../lib64/gcc/x86_64-pc-linux-gnu/12.1.0/../../../../x86_64-pc-linux-gnu/include -internal-externc-isystem /include -internal-externc-isystem /usr/include -fdebug-compilation-dir=/home/ego/projects/wut-cuda-orb-slam3/cmake-build-debug/CMakeFiles/CMakeTmp -ferror-limit 19 -stack-protector 2 -fgnuc-version=4.2.1 -faddrsig -D__GCC_HAVE_DWARF2_CFI_ASM=1 -o CMakeFiles/cmTC_425ca.dir/CMakeCCompilerABI.c.o -x c /home/ego/apps/clion/bin/cmake/linux/share/cmake-3.22/Modules/CMakeCCompilerABI.c]
  ignore line: [clang -cc1 version 13.0.1 based upon LLVM 13.0.1 default target x86_64-pc-linux-gnu]
  ignore line: [ignoring nonexistent directory "/usr/bin/../lib64/gcc/x86_64-pc-linux-gnu/12.1.0/../../../../x86_64-pc-linux-gnu/include"]
  ignore line: [ignoring nonexistent directory "/include"]
  ignore line: [#include "..." search starts here:]
  ignore line: [#include <...> search starts here:]
  ignore line: [ /usr/lib/clang/13.0.1/include]
  ignore line: [ /usr/local/include]
  ignore line: [ /usr/include]
  ignore line: [End of search list.]
  ignore line: [[2/2] Linking C executable cmTC_425ca]
  ignore line: [clang version 13.0.1]
  ignore line: [Target: x86_64-pc-linux-gnu]
  ignore line: [Thread model: posix]
  ignore line: [InstalledDir: /usr/bin]
  ignore line: [Found candidate GCC installation: /usr/bin/../lib/gcc/x86_64-pc-linux-gnu/12.1.0]
  ignore line: [Found candidate GCC installation: /usr/bin/../lib64/gcc/x86_64-pc-linux-gnu/12.1.0]
  ignore line: [Selected GCC installation: /usr/bin/../lib64/gcc/x86_64-pc-linux-gnu/12.1.0]
  ignore line: [Candidate multilib: .]
  ignore line: [@m64]
  ignore line: [Candidate multilib: 32]
  ignore line: [@m32]
  ignore line: [Selected multilib: .]
  ignore line: [@m64]
  ignore line: [Found HIP installation: /opt/rocm  version 4.3.21346-3ac9bda]
  link line: [ "/usr/bin/ld" -pie --eh-frame-hdr -m elf_x86_64 -dynamic-linker /lib64/ld-linux-x86-64.so.2 -o cmTC_425ca /usr/bin/../lib64/gcc/x86_64-pc-linux-gnu/12.1.0/../../../../lib64/Scrt1.o /usr/bin/../lib64/gcc/x86_64-pc-linux-gnu/12.1.0/../../../../lib64/crti.o /usr/bin/../lib64/gcc/x86_64-pc-linux-gnu/12.1.0/crtbeginS.o -L/usr/bin/../lib64/gcc/x86_64-pc-linux-gnu/12.1.0 -L/usr/bin/../lib64/gcc/x86_64-pc-linux-gnu/12.1.0/../../../../lib64 -L/lib/../lib64 -L/usr/lib/../lib64 -L/usr/bin/../lib -L/lib -L/usr/lib CMakeFiles/cmTC_425ca.dir/CMakeCCompilerABI.c.o -lgcc --as-needed -lgcc_s --no-as-needed -lc -lgcc --as-needed -lgcc_s --no-as-needed /usr/bin/../lib64/gcc/x86_64-pc-linux-gnu/12.1.0/crtendS.o /usr/bin/../lib64/gcc/x86_64-pc-linux-gnu/12.1.0/../../../../lib64/crtn.o]
    arg [/usr/bin/ld] ==> ignore
    arg [-pie] ==> ignore
    arg [--eh-frame-hdr] ==> ignore
    arg [-m] ==> ignore
    arg [elf_x86_64] ==> ignore
    arg [-dynamic-linker] ==> ignore
    arg [/lib64/ld-linux-x86-64.so.2] ==> ignore
    arg [-o] ==> ignore
    arg [cmTC_425ca] ==> ignore
    arg [/usr/bin/../lib64/gcc/x86_64-pc-linux-gnu/12.1.0/../../../../lib64/Scrt1.o] ==> obj [/usr/bin/../lib64/gcc/x86_64-pc-linux-gnu/12.1.0/../../../../lib64/Scrt1.o]
    arg [/usr/bin/../lib64/gcc/x86_64-pc-linux-gnu/12.1.0/../../../../lib64/crti.o] ==> obj [/usr/bin/../lib64/gcc/x86_64-pc-linux-gnu/12.1.0/../../../../lib64/crti.o]
    arg [/usr/bin/../lib64/gcc/x86_64-pc-linux-gnu/12.1.0/crtbeginS.o] ==> obj [/usr/bin/../lib64/gcc/x86_64-pc-linux-gnu/12.1.0/crtbeginS.o]
    arg [-L/usr/bin/../lib64/gcc/x86_64-pc-linux-gnu/12.1.0] ==> dir [/usr/bin/../lib64/gcc/x86_64-pc-linux-gnu/12.1.0]
    arg [-L/usr/bin/../lib64/gcc/x86_64-pc-linux-gnu/12.1.0/../../../../lib64] ==> dir [/usr/bin/../lib64/gcc/x86_64-pc-linux-gnu/12.1.0/../../../../lib64]
    arg [-L/lib/../lib64] ==> dir [/lib/../lib64]
    arg [-L/usr/lib/../lib64] ==> dir [/usr/lib/../lib64]
    arg [-L/usr/bin/../lib] ==> dir [/usr/bin/../lib]
    arg [-L/lib] ==> dir [/lib]
    arg [-L/usr/lib] ==> dir [/usr/lib]
    arg [CMakeFiles/cmTC_425ca.dir/CMakeCCompilerABI.c.o] ==> ignore
    arg [-lgcc] ==> lib [gcc]
    arg [--as-needed] ==> ignore
    arg [-lgcc_s] ==> lib [gcc_s]
    arg [--no-as-needed] ==> ignore
    arg [-lc] ==> lib [c]
    arg [-lgcc] ==> lib [gcc]
    arg [--as-needed] ==> ignore
    arg [-lgcc_s] ==> lib [gcc_s]
    arg [--no-as-needed] ==> ignore
    arg [/usr/bin/../lib64/gcc/x86_64-pc-linux-gnu/12.1.0/crtendS.o] ==> obj [/usr/bin/../lib64/gcc/x86_64-pc-linux-gnu/12.1.0/crtendS.o]
    arg [/usr/bin/../lib64/gcc/x86_64-pc-linux-gnu/12.1.0/../../../../lib64/crtn.o] ==> obj [/usr/bin/../lib64/gcc/x86_64-pc-linux-gnu/12.1.0/../../../../lib64/crtn.o]
  collapse obj [/usr/bin/../lib64/gcc/x86_64-pc-linux-gnu/12.1.0/../../../../lib64/Scrt1.o] ==> [/usr/lib64/Scrt1.o]
  collapse obj [/usr/bin/../lib64/gcc/x86_64-pc-linux-gnu/12.1.0/../../../../lib64/crti.o] ==> [/usr/lib64/crti.o]
  collapse obj [/usr/bin/../lib64/gcc/x86_64-pc-linux-gnu/12.1.0/crtbeginS.o] ==> [/usr/lib64/gcc/x86_64-pc-linux-gnu/12.1.0/crtbeginS.o]
  collapse obj [/usr/bin/../lib64/gcc/x86_64-pc-linux-gnu/12.1.0/crtendS.o] ==> [/usr/lib64/gcc/x86_64-pc-linux-gnu/12.1.0/crtendS.o]
  collapse obj [/usr/bin/../lib64/gcc/x86_64-pc-linux-gnu/12.1.0/../../../../lib64/crtn.o] ==> [/usr/lib64/crtn.o]
  collapse library dir [/usr/bin/../lib64/gcc/x86_64-pc-linux-gnu/12.1.0] ==> [/usr/lib64/gcc/x86_64-pc-linux-gnu/12.1.0]
  collapse library dir [/usr/bin/../lib64/gcc/x86_64-pc-linux-gnu/12.1.0/../../../../lib64] ==> [/usr/lib64]
  collapse library dir [/lib/../lib64] ==> [/lib64]
  collapse library dir [/usr/lib/../lib64] ==> [/usr/lib64]
  collapse library dir [/usr/bin/../lib] ==> [/usr/lib]
  collapse library dir [/lib] ==> [/lib]
  collapse library dir [/usr/lib] ==> [/usr/lib]
  implicit libs: [gcc;gcc_s;c;gcc;gcc_s]
  implicit objs: [/usr/lib64/Scrt1.o;/usr/lib64/crti.o;/usr/lib64/gcc/x86_64-pc-linux-gnu/12.1.0/crtbeginS.o;/usr/lib64/gcc/x86_64-pc-linux-gnu/12.1.0/crtendS.o;/usr/lib64/crtn.o]
  implicit dirs: [/usr/lib64/gcc/x86_64-pc-linux-gnu/12.1.0;/usr/lib64;/lib64;/usr/lib;/lib]
  implicit fwks: []


Detecting CXX compiler ABI info compiled with the following output:
Change Dir: /home/ego/projects/wut-cuda-orb-slam3/cmake-build-debug/CMakeFiles/CMakeTmp

Run Build Command(s):/home/ego/apps/clion/bin/ninja/linux/ninja cmTC_1db5c && [1/2] Building CXX object CMakeFiles/cmTC_1db5c.dir/CMakeCXXCompilerABI.cpp.o
clang version 13.0.1
Target: x86_64-pc-linux-gnu
Thread model: posix
InstalledDir: /usr/bin
Found candidate GCC installation: /usr/bin/../lib/gcc/x86_64-pc-linux-gnu/12.1.0
Found candidate GCC installation: /usr/bin/../lib64/gcc/x86_64-pc-linux-gnu/12.1.0
Selected GCC installation: /usr/bin/../lib64/gcc/x86_64-pc-linux-gnu/12.1.0
Candidate multilib: .;@m64
Candidate multilib: 32;@m32
Selected multilib: .;@m64
Found HIP installation: /opt/rocm, version 4.3.21346-3ac9bda
 (in-process)
 "/usr/bin/clang-13" -cc1 -triple x86_64-pc-linux-gnu -emit-obj -mrelax-all --mrelax-relocations -disable-free -disable-llvm-verifier -discard-value-names -main-file-name CMakeCXXCompilerABI.cpp -mrelocation-model pic -pic-level 2 -pic-is-pie -mframe-pointer=all -fmath-errno -fno-rounding-math -mconstructor-aliases -munwind-tables -target-cpu x86-64 -tune-cpu generic -debugger-tuning=gdb -v -fcoverage-compilation-dir=/home/ego/projects/wut-cuda-orb-slam3/cmake-build-debug/CMakeFiles/CMakeTmp -resource-dir /usr/lib/clang/13.0.1 -dependency-file CMakeFiles/cmTC_1db5c.dir/CMakeCXXCompilerABI.cpp.o.d -MT CMakeFiles/cmTC_1db5c.dir/CMakeCXXCompilerABI.cpp.o -sys-header-deps -internal-isystem /usr/bin/../lib64/gcc/x86_64-pc-linux-gnu/12.1.0/../../../../include/c++/12.1.0 -internal-isystem /usr/bin/../lib64/gcc/x86_64-pc-linux-gnu/12.1.0/../../../../include/c++/12.1.0/x86_64-pc-linux-gnu -internal-isystem /usr/bin/../lib64/gcc/x86_64-pc-linux-gnu/12.1.0/../../../../include/c++/12.1.0/backward -internal-isystem /usr/lib/clang/13.0.1/include -internal-isystem /usr/local/include -internal-isystem /usr/bin/../lib64/gcc/x86_64-pc-linux-gnu/12.1.0/../../../../x86_64-pc-linux-gnu/include -internal-externc-isystem /include -internal-externc-isystem /usr/include -fdeprecated-macro -fdebug-compilation-dir=/home/ego/projects/wut-cuda-orb-slam3/cmake-build-debug/CMakeFiles/CMakeTmp -ferror-limit 19 -stack-protector 2 -fgnuc-version=4.2.1 -fcxx-exceptions -fexceptions -faddrsig -D__GCC_HAVE_DWARF2_CFI_ASM=1 -o CMakeFiles/cmTC_1db5c.dir/CMakeCXXCompilerABI.cpp.o -x c++ /home/ego/apps/clion/bin/cmake/linux/share/cmake-3.22/Modules/CMakeCXXCompilerABI.cpp
clang -cc1 version 13.0.1 based upon LLVM 13.0.1 default target x86_64-pc-linux-gnu
ignoring nonexistent directory "/usr/bin/../lib64/gcc/x86_64-pc-linux-gnu/12.1.0/../../../../x86_64-pc-linux-gnu/include"
ignoring nonexistent directory "/include"
#include "..." search starts here:
#include <...> search starts here:
 /usr/bin/../lib64/gcc/x86_64-pc-linux-gnu/12.1.0/../../../../include/c++/12.1.0
 /usr/bin/../lib64/gcc/x86_64-pc-linux-gnu/12.1.0/../../../../include/c++/12.1.0/x86_64-pc-linux-gnu
 /usr/bin/../lib64/gcc/x86_64-pc-linux-gnu/12.1.0/../../../../include/c++/12.1.0/backward
 /usr/lib/clang/13.0.1/include
 /usr/local/include
 /usr/include
End of search list.
[2/2] Linking CXX executable cmTC_1db5c
clang version 13.0.1
Target: x86_64-pc-linux-gnu
Thread model: posix
InstalledDir: /usr/bin
Found candidate GCC installation: /usr/bin/../lib/gcc/x86_64-pc-linux-gnu/12.1.0
Found candidate GCC installation: /usr/bin/../lib64/gcc/x86_64-pc-linux-gnu/12.1.0
Selected GCC installation: /usr/bin/../lib64/gcc/x86_64-pc-linux-gnu/12.1.0
Candidate multilib: .;@m64
Candidate multilib: 32;@m32
Selected multilib: .;@m64
Found HIP installation: /opt/rocm, version 4.3.21346-3ac9bda
 "/usr/bin/ld" -pie --eh-frame-hdr -m elf_x86_64 -dynamic-linker /lib64/ld-linux-x86-64.so.2 -o cmTC_1db5c /usr/bin/../lib64/gcc/x86_64-pc-linux-gnu/12.1.0/../../../../lib64/Scrt1.o /usr/bin/../lib64/gcc/x86_64-pc-linux-gnu/12.1.0/../../../../lib64/crti.o /usr/bin/../lib64/gcc/x86_64-pc-linux-gnu/12.1.0/crtbeginS.o -L/usr/bin/../lib64/gcc/x86_64-pc-linux-gnu/12.1.0 -L/usr/bin/../lib64/gcc/x86_64-pc-linux-gnu/12.1.0/../../../../lib64 -L/lib/../lib64 -L/usr/lib/../lib64 -L/usr/bin/../lib -L/lib -L/usr/lib CMakeFiles/cmTC_1db5c.dir/CMakeCXXCompilerABI.cpp.o -lstdc++ -lm -lgcc_s -lgcc -lc -lgcc_s -lgcc /usr/bin/../lib64/gcc/x86_64-pc-linux-gnu/12.1.0/crtendS.o /usr/bin/../lib64/gcc/x86_64-pc-linux-gnu/12.1.0/../../../../lib64/crtn.o



Parsed CXX implicit include dir info from above output: rv=done
  found start of include info
  found start of implicit include info
    add: [/usr/bin/../lib64/gcc/x86_64-pc-linux-gnu/12.1.0/../../../../include/c++/12.1.0]
    add: [/usr/bin/../lib64/gcc/x86_64-pc-linux-gnu/12.1.0/../../../../include/c++/12.1.0/x86_64-pc-linux-gnu]
    add: [/usr/bin/../lib64/gcc/x86_64-pc-linux-gnu/12.1.0/../../../../include/c++/12.1.0/backward]
    add: [/usr/lib/clang/13.0.1/include]
    add: [/usr/local/include]
    add: [/usr/include]
  end of search list found
  collapse include dir [/usr/bin/../lib64/gcc/x86_64-pc-linux-gnu/12.1.0/../../../../include/c++/12.1.0] ==> [/usr/include/c++/12.1.0]
  collapse include dir [/usr/bin/../lib64/gcc/x86_64-pc-linux-gnu/12.1.0/../../../../include/c++/12.1.0/x86_64-pc-linux-gnu] ==> [/usr/include/c++/12.1.0/x86_64-pc-linux-gnu]
  collapse include dir [/usr/bin/../lib64/gcc/x86_64-pc-linux-gnu/12.1.0/../../../../include/c++/12.1.0/backward] ==> [/usr/include/c++/12.1.0/backward]
  collapse include dir [/usr/lib/clang/13.0.1/include] ==> [/usr/lib/clang/13.0.1/include]
  collapse include dir [/usr/local/include] ==> [/usr/local/include]
  collapse include dir [/usr/include] ==> [/usr/include]
  implicit include dirs: [/usr/include/c++/12.1.0;/usr/include/c++/12.1.0/x86_64-pc-linux-gnu;/usr/include/c++/12.1.0/backward;/usr/lib/clang/13.0.1/include;/usr/local/include;/usr/include]


Parsed CXX implicit link information from above output:
  link line regex: [^( *|.*[/\])(ld\.lld|CMAKE_LINK_STARTFILE-NOTFOUND|([^/\]+-)?ld|collect2)[^/\]*( |$)]
  ignore line: [Change Dir: /home/ego/projects/wut-cuda-orb-slam3/cmake-build-debug/CMakeFiles/CMakeTmp]
  ignore line: []
  ignore line: [Run Build Command(s):/home/ego/apps/clion/bin/ninja/linux/ninja cmTC_1db5c && [1/2] Building CXX object CMakeFiles/cmTC_1db5c.dir/CMakeCXXCompilerABI.cpp.o]
  ignore line: [clang version 13.0.1]
  ignore line: [Target: x86_64-pc-linux-gnu]
  ignore line: [Thread model: posix]
  ignore line: [InstalledDir: /usr/bin]
  ignore line: [Found candidate GCC installation: /usr/bin/../lib/gcc/x86_64-pc-linux-gnu/12.1.0]
  ignore line: [Found candidate GCC installation: /usr/bin/../lib64/gcc/x86_64-pc-linux-gnu/12.1.0]
  ignore line: [Selected GCC installation: /usr/bin/../lib64/gcc/x86_64-pc-linux-gnu/12.1.0]
  ignore line: [Candidate multilib: .]
  ignore line: [@m64]
  ignore line: [Candidate multilib: 32]
  ignore line: [@m32]
  ignore line: [Selected multilib: .]
  ignore line: [@m64]
  ignore line: [Found HIP installation: /opt/rocm  version 4.3.21346-3ac9bda]
  ignore line: [ (in-process)]
  ignore line: [ "/usr/bin/clang-13" -cc1 -triple x86_64-pc-linux-gnu -emit-obj -mrelax-all --mrelax-relocations -disable-free -disable-llvm-verifier -discard-value-names -main-file-name CMakeCXXCompilerABI.cpp -mrelocation-model pic -pic-level 2 -pic-is-pie -mframe-pointer=all -fmath-errno -fno-rounding-math -mconstructor-aliases -munwind-tables -target-cpu x86-64 -tune-cpu generic -debugger-tuning=gdb -v -fcoverage-compilation-dir=/home/ego/projects/wut-cuda-orb-slam3/cmake-build-debug/CMakeFiles/CMakeTmp -resource-dir /usr/lib/clang/13.0.1 -dependency-file CMakeFiles/cmTC_1db5c.dir/CMakeCXXCompilerABI.cpp.o.d -MT CMakeFiles/cmTC_1db5c.dir/CMakeCXXCompilerABI.cpp.o -sys-header-deps -internal-isystem /usr/bin/../lib64/gcc/x86_64-pc-linux-gnu/12.1.0/../../../../include/c++/12.1.0 -internal-isystem /usr/bin/../lib64/gcc/x86_64-pc-linux-gnu/12.1.0/../../../../include/c++/12.1.0/x86_64-pc-linux-gnu -internal-isystem /usr/bin/../lib64/gcc/x86_64-pc-linux-gnu/12.1.0/../../../../include/c++/12.1.0/backward -internal-isystem /usr/lib/clang/13.0.1/include -internal-isystem /usr/local/include -internal-isystem /usr/bin/../lib64/gcc/x86_64-pc-linux-gnu/12.1.0/../../../../x86_64-pc-linux-gnu/include -internal-externc-isystem /include -internal-externc-isystem /usr/include -fdeprecated-macro -fdebug-compilation-dir=/home/ego/projects/wut-cuda-orb-slam3/cmake-build-debug/CMakeFiles/CMakeTmp -ferror-limit 19 -stack-protector 2 -fgnuc-version=4.2.1 -fcxx-exceptions -fexceptions -faddrsig -D__GCC_HAVE_DWARF2_CFI_ASM=1 -o CMakeFiles/cmTC_1db5c.dir/CMakeCXXCompilerABI.cpp.o -x c++ /home/ego/apps/clion/bin/cmake/linux/share/cmake-3.22/Modules/CMakeCXXCompilerABI.cpp]
  ignore line: [clang -cc1 version 13.0.1 based upon LLVM 13.0.1 default target x86_64-pc-linux-gnu]
  ignore line: [ignoring nonexistent directory "/usr/bin/../lib64/gcc/x86_64-pc-linux-gnu/12.1.0/../../../../x86_64-pc-linux-gnu/include"]
  ignore line: [ignoring nonexistent directory "/include"]
  ignore line: [#include "..." search starts here:]
  ignore line: [#include <...> search starts here:]
  ignore line: [ /usr/bin/../lib64/gcc/x86_64-pc-linux-gnu/12.1.0/../../../../include/c++/12.1.0]
  ignore line: [ /usr/bin/../lib64/gcc/x86_64-pc-linux-gnu/12.1.0/../../../../include/c++/12.1.0/x86_64-pc-linux-gnu]
  ignore line: [ /usr/bin/../lib64/gcc/x86_64-pc-linux-gnu/12.1.0/../../../../include/c++/12.1.0/backward]
  ignore line: [ /usr/lib/clang/13.0.1/include]
  ignore line: [ /usr/local/include]
  ignore line: [ /usr/include]
  ignore line: [End of search list.]
  ignore line: [[2/2] Linking CXX executable cmTC_1db5c]
  ignore line: [clang version 13.0.1]
  ignore line: [Target: x86_64-pc-linux-gnu]
  ignore line: [Thread model: posix]
  ignore line: [InstalledDir: /usr/bin]
  ignore line: [Found candidate GCC installation: /usr/bin/../lib/gcc/x86_64-pc-linux-gnu/12.1.0]
  ignore line: [Found candidate GCC installation: /usr/bin/../lib64/gcc/x86_64-pc-linux-gnu/12.1.0]
  ignore line: [Selected GCC installation: /usr/bin/../lib64/gcc/x86_64-pc-linux-gnu/12.1.0]
  ignore line: [Candidate multilib: .]
  ignore line: [@m64]
  ignore line: [Candidate multilib: 32]
  ignore line: [@m32]
  ignore line: [Selected multilib: .]
  ignore line: [@m64]
  ignore line: [Found HIP installation: /opt/rocm  version 4.3.21346-3ac9bda]
  link line: [ "/usr/bin/ld" -pie --eh-frame-hdr -m elf_x86_64 -dynamic-linker /lib64/ld-linux-x86-64.so.2 -o cmTC_1db5c /usr/bin/../lib64/gcc/x86_64-pc-linux-gnu/12.1.0/../../../../lib64/Scrt1.o /usr/bin/../lib64/gcc/x86_64-pc-linux-gnu/12.1.0/../../../../lib64/crti.o /usr/bin/../lib64/gcc/x86_64-pc-linux-gnu/12.1.0/crtbeginS.o -L/usr/bin/../lib64/gcc/x86_64-pc-linux-gnu/12.1.0 -L/usr/bin/../lib64/gcc/x86_64-pc-linux-gnu/12.1.0/../../../../lib64 -L/lib/../lib64 -L/usr/lib/../lib64 -L/usr/bin/../lib -L/lib -L/usr/lib CMakeFiles/cmTC_1db5c.dir/CMakeCXXCompilerABI.cpp.o -lstdc++ -lm -lgcc_s -lgcc -lc -lgcc_s -lgcc /usr/bin/../lib64/gcc/x86_64-pc-linux-gnu/12.1.0/crtendS.o /usr/bin/../lib64/gcc/x86_64-pc-linux-gnu/12.1.0/../../../../lib64/crtn.o]
    arg [/usr/bin/ld] ==> ignore
    arg [-pie] ==> ignore
    arg [--eh-frame-hdr] ==> ignore
    arg [-m] ==> ignore
    arg [elf_x86_64] ==> ignore
    arg [-dynamic-linker] ==> ignore
    arg [/lib64/ld-linux-x86-64.so.2] ==> ignore
    arg [-o] ==> ignore
    arg [cmTC_1db5c] ==> ignore
    arg [/usr/bin/../lib64/gcc/x86_64-pc-linux-gnu/12.1.0/../../../../lib64/Scrt1.o] ==> obj [/usr/bin/../lib64/gcc/x86_64-pc-linux-gnu/12.1.0/../../../../lib64/Scrt1.o]
    arg [/usr/bin/../lib64/gcc/x86_64-pc-linux-gnu/12.1.0/../../../../lib64/crti.o] ==> obj [/usr/bin/../lib64/gcc/x86_64-pc-linux-gnu/12.1.0/../../../../lib64/crti.o]
    arg [/usr/bin/../lib64/gcc/x86_64-pc-linux-gnu/12.1.0/crtbeginS.o] ==> obj [/usr/bin/../lib64/gcc/x86_64-pc-linux-gnu/12.1.0/crtbeginS.o]
    arg [-L/usr/bin/../lib64/gcc/x86_64-pc-linux-gnu/12.1.0] ==> dir [/usr/bin/../lib64/gcc/x86_64-pc-linux-gnu/12.1.0]
    arg [-L/usr/bin/../lib64/gcc/x86_64-pc-linux-gnu/12.1.0/../../../../lib64] ==> dir [/usr/bin/../lib64/gcc/x86_64-pc-linux-gnu/12.1.0/../../../../lib64]
    arg [-L/lib/../lib64] ==> dir [/lib/../lib64]
    arg [-L/usr/lib/../lib64] ==> dir [/usr/lib/../lib64]
    arg [-L/usr/bin/../lib] ==> dir [/usr/bin/../lib]
    arg [-L/lib] ==> dir [/lib]
    arg [-L/usr/lib] ==> dir [/usr/lib]
    arg [CMakeFiles/cmTC_1db5c.dir/CMakeCXXCompilerABI.cpp.o] ==> ignore
    arg [-lstdc++] ==> lib [stdc++]
    arg [-lm] ==> lib [m]
    arg [-lgcc_s] ==> lib [gcc_s]
    arg [-lgcc] ==> lib [gcc]
    arg [-lc] ==> lib [c]
    arg [-lgcc_s] ==> lib [gcc_s]
    arg [-lgcc] ==> lib [gcc]
    arg [/usr/bin/../lib64/gcc/x86_64-pc-linux-gnu/12.1.0/crtendS.o] ==> obj [/usr/bin/../lib64/gcc/x86_64-pc-linux-gnu/12.1.0/crtendS.o]
    arg [/usr/bin/../lib64/gcc/x86_64-pc-linux-gnu/12.1.0/../../../../lib64/crtn.o] ==> obj [/usr/bin/../lib64/gcc/x86_64-pc-linux-gnu/12.1.0/../../../../lib64/crtn.o]
  collapse obj [/usr/bin/../lib64/gcc/x86_64-pc-linux-gnu/12.1.0/../../../../lib64/Scrt1.o] ==> [/usr/lib64/Scrt1.o]
  collapse obj [/usr/bin/../lib64/gcc/x86_64-pc-linux-gnu/12.1.0/../../../../lib64/crti.o] ==> [/usr/lib64/crti.o]
  collapse obj [/usr/bin/../lib64/gcc/x86_64-pc-linux-gnu/12.1.0/crtbeginS.o] ==> [/usr/lib64/gcc/x86_64-pc-linux-gnu/12.1.0/crtbeginS.o]
  collapse obj [/usr/bin/../lib64/gcc/x86_64-pc-linux-gnu/12.1.0/crtendS.o] ==> [/usr/lib64/gcc/x86_64-pc-linux-gnu/12.1.0/crtendS.o]
  collapse obj [/usr/bin/../lib64/gcc/x86_64-pc-linux-gnu/12.1.0/../../../../lib64/crtn.o] ==> [/usr/lib64/crtn.o]
  collapse library dir [/usr/bin/../lib64/gcc/x86_64-pc-linux-gnu/12.1.0] ==> [/usr/lib64/gcc/x86_64-pc-linux-gnu/12.1.0]
  collapse library dir [/usr/bin/../lib64/gcc/x86_64-pc-linux-gnu/12.1.0/../../../../lib64] ==> [/usr/lib64]
  collapse library dir [/lib/../lib64] ==> [/lib64]
  collapse library dir [/usr/lib/../lib64] ==> [/usr/lib64]
  collapse library dir [/usr/bin/../lib] ==> [/usr/lib]
  collapse library dir [/lib] ==> [/lib]
  collapse library dir [/usr/lib] ==> [/usr/lib]
  implicit libs: [stdc++;m;gcc_s;gcc;c;gcc_s;gcc]
  implicit objs: [/usr/lib64/Scrt1.o;/usr/lib64/crti.o;/usr/lib64/gcc/x86_64-pc-linux-gnu/12.1.0/crtbeginS.o;/usr/lib64/gcc/x86_64-pc-linux-gnu/12.1.0/crtendS.o;/usr/lib64/crtn.o]
  implicit dirs: [/usr/lib64/gcc/x86_64-pc-linux-gnu/12.1.0;/usr/lib64;/lib64;/usr/lib;/lib]
  implicit fwks: []


Performing C++ SOURCE FILE Test COMPILER_SUPPORTS_CXX11 succeeded with the following output:
Change Dir: /home/ego/projects/wut-cuda-orb-slam3/cmake-build-debug/CMakeFiles/CMakeTmp

Run Build Command(s):/home/ego/apps/clion/bin/ninja/linux/ninja cmTC_40e9d && [1/2] Building CXX object CMakeFiles/cmTC_40e9d.dir/src.cxx.o
[2/2] Linking CXX executable cmTC_40e9d


Source file was:
int main() { return 0; }
Performing C++ SOURCE FILE Test COMPILER_SUPPORTS_CXX0X succeeded with the following output:
Change Dir: /home/ego/projects/wut-cuda-orb-slam3/cmake-build-debug/CMakeFiles/CMakeTmp

Run Build Command(s):/home/ego/apps/clion/bin/ninja/linux/ninja cmTC_9f549 && [1/2] Building CXX object CMakeFiles/cmTC_9f549.dir/src.cxx.o
[2/2] Linking CXX executable cmTC_9f549


Source file was:
int main() { return 0; }
Determining if the include file pthread.h exists passed with the following output:
Change Dir: /home/ego/projects/wut-cuda-orb-slam3/cmake-build-debug/CMakeFiles/CMakeTmp

Run Build Command(s):/home/ego/apps/clion/bin/ninja/linux/ninja cmTC_d8132 && [1/2] Building C object CMakeFiles/cmTC_d8132.dir/CheckIncludeFile.c.o
[2/2] Linking C executable cmTC_d8132



Performing C SOURCE FILE Test CMAKE_HAVE_LIBC_PTHREAD succeeded with the following output:
Change Dir: /home/ego/projects/wut-cuda-orb-slam3/cmake-build-debug/CMakeFiles/CMakeTmp

Run Build Command(s):/home/ego/apps/clion/bin/ninja/linux/ninja cmTC_2a6a4 && [1/2] Building C object CMakeFiles/cmTC_2a6a4.dir/src.c.o
[2/2] Linking C executable cmTC_2a6a4


Source file was:
#include <pthread.h>

static void* test_func(void* data)
{
  return data;
}

int main(void)
{
  pthread_t thread;
  pthread_create(&thread, NULL, test_func, NULL);
  pthread_detach(thread);
  pthread_cancel(thread);
  pthread_join(thread, NULL);
  pthread_atfork(NULL, NULL, NULL);
  pthread_exit(NULL);

  return 0;
}

Detecting C OpenMP compiler ABI info compiled with the following output:
Change Dir: /home/ego/projects/wut-cuda-orb-slam3/cmake-build-debug/CMakeFiles/CMakeTmp

Run Build Command(s):/home/ego/apps/clion/bin/ninja/linux/ninja cmTC_e6a26 && [1/2] Building C object CMakeFiles/cmTC_e6a26.dir/OpenMPTryFlag.c.o
clang version 13.0.1
Target: x86_64-pc-linux-gnu
Thread model: posix
InstalledDir: /usr/bin
Found candidate GCC installation: /usr/bin/../lib/gcc/x86_64-pc-linux-gnu/12.1.0
Found candidate GCC installation: /usr/bin/../lib64/gcc/x86_64-pc-linux-gnu/12.1.0
Selected GCC installation: /usr/bin/../lib64/gcc/x86_64-pc-linux-gnu/12.1.0
Candidate multilib: .;@m64
Candidate multilib: 32;@m32
Selected multilib: .;@m64
Found HIP installation: /opt/rocm, version 4.3.21346-3ac9bda
 (in-process)
 "/usr/bin/clang-13" -cc1 -triple x86_64-pc-linux-gnu -emit-obj --mrelax-relocations -disable-free -disable-llvm-verifier -discard-value-names -main-file-name OpenMPTryFlag.c -mrelocation-model pic -pic-level 2 -pic-is-pie -mframe-pointer=none -fmath-errno -fno-rounding-math -mconstructor-aliases -munwind-tables -target-cpu x86-64 -tune-cpu generic -debugger-tuning=gdb -v -fcoverage-compilation-dir=/home/ego/projects/wut-cuda-orb-slam3/cmake-build-debug/CMakeFiles/CMakeTmp -resource-dir /usr/lib/clang/13.0.1 -dependency-file CMakeFiles/cmTC_e6a26.dir/OpenMPTryFlag.c.o.d -MT CMakeFiles/cmTC_e6a26.dir/OpenMPTryFlag.c.o -sys-header-deps -internal-isystem /usr/lib/clang/13.0.1/include -internal-isystem /usr/local/include -internal-isystem /usr/bin/../lib64/gcc/x86_64-pc-linux-gnu/12.1.0/../../../../x86_64-pc-linux-gnu/include -internal-externc-isystem /include -internal-externc-isystem /usr/include -O3 -Wall -fdebug-compilation-dir=/home/ego/projects/wut-cuda-orb-slam3/cmake-build-debug/CMakeFiles/CMakeTmp -ferror-limit 19 -fopenmp -stack-protector 2 -fgnuc-version=4.2.1 -vectorize-loops -vectorize-slp -faddrsig -D__GCC_HAVE_DWARF2_CFI_ASM=1 -o CMakeFiles/cmTC_e6a26.dir/OpenMPTryFlag.c.o -x c /home/ego/projects/wut-cuda-orb-slam3/cmake-build-debug/CMakeFiles/FindOpenMP/OpenMPTryFlag.c
clang -cc1 version 13.0.1 based upon LLVM 13.0.1 default target x86_64-pc-linux-gnu
ignoring nonexistent directory "/usr/bin/../lib64/gcc/x86_64-pc-linux-gnu/12.1.0/../../../../x86_64-pc-linux-gnu/include"
ignoring nonexistent directory "/include"
#include "..." search starts here:
#include <...> search starts here:
 /usr/lib/clang/13.0.1/include
 /usr/local/include
 /usr/include
End of search list.
[2/2] Linking C executable cmTC_e6a26
clang version 13.0.1
Target: x86_64-pc-linux-gnu
Thread model: posix
InstalledDir: /usr/bin
Found candidate GCC installation: /usr/bin/../lib/gcc/x86_64-pc-linux-gnu/12.1.0
Found candidate GCC installation: /usr/bin/../lib64/gcc/x86_64-pc-linux-gnu/12.1.0
Selected GCC installation: /usr/bin/../lib64/gcc/x86_64-pc-linux-gnu/12.1.0
Candidate multilib: .;@m64
Candidate multilib: 32;@m32
Selected multilib: .;@m64
Found HIP installation: /opt/rocm, version 4.3.21346-3ac9bda
 "/usr/bin/ld" -pie --eh-frame-hdr -m elf_x86_64 -dynamic-linker /lib64/ld-linux-x86-64.so.2 -o cmTC_e6a26 /usr/bin/../lib64/gcc/x86_64-pc-linux-gnu/12.1.0/../../../../lib64/Scrt1.o /usr/bin/../lib64/gcc/x86_64-pc-linux-gnu/12.1.0/../../../../lib64/crti.o /usr/bin/../lib64/gcc/x86_64-pc-linux-gnu/12.1.0/crtbeginS.o -L/usr/bin/../lib64/gcc/x86_64-pc-linux-gnu/12.1.0 -L/usr/bin/../lib64/gcc/x86_64-pc-linux-gnu/12.1.0/../../../../lib64 -L/lib/../lib64 -L/usr/lib/../lib64 -L/usr/bin/../lib -L/lib -L/usr/lib CMakeFiles/cmTC_e6a26.dir/OpenMPTryFlag.c.o -lomp -lgcc --as-needed -lgcc_s --no-as-needed -lpthread -lc -lgcc --as-needed -lgcc_s --no-as-needed /usr/bin/../lib64/gcc/x86_64-pc-linux-gnu/12.1.0/crtendS.o /usr/bin/../lib64/gcc/x86_64-pc-linux-gnu/12.1.0/../../../../lib64/crtn.o



Parsed C OpenMP implicit link information from above output:
  link line regex: [^( *|.*[/\])(ld\.lld|CMAKE_LINK_STARTFILE-NOTFOUND|([^/\]+-)?ld|collect2)[^/\]*( |$)]
  ignore line: [Change Dir: /home/ego/projects/wut-cuda-orb-slam3/cmake-build-debug/CMakeFiles/CMakeTmp]
  ignore line: []
  ignore line: [Run Build Command(s):/home/ego/apps/clion/bin/ninja/linux/ninja cmTC_e6a26 && [1/2] Building C object CMakeFiles/cmTC_e6a26.dir/OpenMPTryFlag.c.o]
  ignore line: [clang version 13.0.1]
  ignore line: [Target: x86_64-pc-linux-gnu]
  ignore line: [Thread model: posix]
  ignore line: [InstalledDir: /usr/bin]
  ignore line: [Found candidate GCC installation: /usr/bin/../lib/gcc/x86_64-pc-linux-gnu/12.1.0]
  ignore line: [Found candidate GCC installation: /usr/bin/../lib64/gcc/x86_64-pc-linux-gnu/12.1.0]
  ignore line: [Selected GCC installation: /usr/bin/../lib64/gcc/x86_64-pc-linux-gnu/12.1.0]
  ignore line: [Candidate multilib: .]
  ignore line: [@m64]
  ignore line: [Candidate multilib: 32]
  ignore line: [@m32]
  ignore line: [Selected multilib: .]
  ignore line: [@m64]
  ignore line: [Found HIP installation: /opt/rocm  version 4.3.21346-3ac9bda]
  ignore line: [ (in-process)]
  ignore line: [ "/usr/bin/clang-13" -cc1 -triple x86_64-pc-linux-gnu -emit-obj --mrelax-relocations -disable-free -disable-llvm-verifier -discard-value-names -main-file-name OpenMPTryFlag.c -mrelocation-model pic -pic-level 2 -pic-is-pie -mframe-pointer=none -fmath-errno -fno-rounding-math -mconstructor-aliases -munwind-tables -target-cpu x86-64 -tune-cpu generic -debugger-tuning=gdb -v -fcoverage-compilation-dir=/home/ego/projects/wut-cuda-orb-slam3/cmake-build-debug/CMakeFiles/CMakeTmp -resource-dir /usr/lib/clang/13.0.1 -dependency-file CMakeFiles/cmTC_e6a26.dir/OpenMPTryFlag.c.o.d -MT CMakeFiles/cmTC_e6a26.dir/OpenMPTryFlag.c.o -sys-header-deps -internal-isystem /usr/lib/clang/13.0.1/include -internal-isystem /usr/local/include -internal-isystem /usr/bin/../lib64/gcc/x86_64-pc-linux-gnu/12.1.0/../../../../x86_64-pc-linux-gnu/include -internal-externc-isystem /include -internal-externc-isystem /usr/include -O3 -Wall -fdebug-compilation-dir=/home/ego/projects/wut-cuda-orb-slam3/cmake-build-debug/CMakeFiles/CMakeTmp -ferror-limit 19 -fopenmp -stack-protector 2 -fgnuc-version=4.2.1 -vectorize-loops -vectorize-slp -faddrsig -D__GCC_HAVE_DWARF2_CFI_ASM=1 -o CMakeFiles/cmTC_e6a26.dir/OpenMPTryFlag.c.o -x c /home/ego/projects/wut-cuda-orb-slam3/cmake-build-debug/CMakeFiles/FindOpenMP/OpenMPTryFlag.c]
  ignore line: [clang -cc1 version 13.0.1 based upon LLVM 13.0.1 default target x86_64-pc-linux-gnu]
  ignore line: [ignoring nonexistent directory "/usr/bin/../lib64/gcc/x86_64-pc-linux-gnu/12.1.0/../../../../x86_64-pc-linux-gnu/include"]
  ignore line: [ignoring nonexistent directory "/include"]
  ignore line: [#include "..." search starts here:]
  ignore line: [#include <...> search starts here:]
  ignore line: [ /usr/lib/clang/13.0.1/include]
  ignore line: [ /usr/local/include]
  ignore line: [ /usr/include]
  ignore line: [End of search list.]
  ignore line: [[2/2] Linking C executable cmTC_e6a26]
  ignore line: [clang version 13.0.1]
  ignore line: [Target: x86_64-pc-linux-gnu]
  ignore line: [Thread model: posix]
  ignore line: [InstalledDir: /usr/bin]
  ignore line: [Found candidate GCC installation: /usr/bin/../lib/gcc/x86_64-pc-linux-gnu/12.1.0]
  ignore line: [Found candidate GCC installation: /usr/bin/../lib64/gcc/x86_64-pc-linux-gnu/12.1.0]
  ignore line: [Selected GCC installation: /usr/bin/../lib64/gcc/x86_64-pc-linux-gnu/12.1.0]
  ignore line: [Candidate multilib: .]
  ignore line: [@m64]
  ignore line: [Candidate multilib: 32]
  ignore line: [@m32]
  ignore line: [Selected multilib: .]
  ignore line: [@m64]
  ignore line: [Found HIP installation: /opt/rocm  version 4.3.21346-3ac9bda]
  link line: [ "/usr/bin/ld" -pie --eh-frame-hdr -m elf_x86_64 -dynamic-linker /lib64/ld-linux-x86-64.so.2 -o cmTC_e6a26 /usr/bin/../lib64/gcc/x86_64-pc-linux-gnu/12.1.0/../../../../lib64/Scrt1.o /usr/bin/../lib64/gcc/x86_64-pc-linux-gnu/12.1.0/../../../../lib64/crti.o /usr/bin/../lib64/gcc/x86_64-pc-linux-gnu/12.1.0/crtbeginS.o -L/usr/bin/../lib64/gcc/x86_64-pc-linux-gnu/12.1.0 -L/usr/bin/../lib64/gcc/x86_64-pc-linux-gnu/12.1.0/../../../../lib64 -L/lib/../lib64 -L/usr/lib/../lib64 -L/usr/bin/../lib -L/lib -L/usr/lib CMakeFiles/cmTC_e6a26.dir/OpenMPTryFlag.c.o -lomp -lgcc --as-needed -lgcc_s --no-as-needed -lpthread -lc -lgcc --as-needed -lgcc_s --no-as-needed /usr/bin/../lib64/gcc/x86_64-pc-linux-gnu/12.1.0/crtendS.o /usr/bin/../lib64/gcc/x86_64-pc-linux-gnu/12.1.0/../../../../lib64/crtn.o]
    arg [/usr/bin/ld] ==> ignore
    arg [-pie] ==> ignore
    arg [--eh-frame-hdr] ==> ignore
    arg [-m] ==> ignore
    arg [elf_x86_64] ==> ignore
    arg [-dynamic-linker] ==> ignore
    arg [/lib64/ld-linux-x86-64.so.2] ==> ignore
    arg [-o] ==> ignore
    arg [cmTC_e6a26] ==> ignore
    arg [-L/usr/bin/../lib64/gcc/x86_64-pc-linux-gnu/12.1.0] ==> dir [/usr/bin/../lib64/gcc/x86_64-pc-linux-gnu/12.1.0]
    arg [-L/usr/bin/../lib64/gcc/x86_64-pc-linux-gnu/12.1.0/../../../../lib64] ==> dir [/usr/bin/../lib64/gcc/x86_64-pc-linux-gnu/12.1.0/../../../../lib64]
    arg [-L/lib/../lib64] ==> dir [/lib/../lib64]
    arg [-L/usr/lib/../lib64] ==> dir [/usr/lib/../lib64]
    arg [-L/usr/bin/../lib] ==> dir [/usr/bin/../lib]
    arg [-L/lib] ==> dir [/lib]
    arg [-L/usr/lib] ==> dir [/usr/lib]
    arg [CMakeFiles/cmTC_e6a26.dir/OpenMPTryFlag.c.o] ==> ignore
    arg [-lomp] ==> lib [omp]
    arg [-lgcc] ==> lib [gcc]
    arg [--as-needed] ==> ignore
    arg [-lgcc_s] ==> lib [gcc_s]
    arg [--no-as-needed] ==> ignore
    arg [-lpthread] ==> lib [pthread]
    arg [-lc] ==> lib [c]
    arg [-lgcc] ==> lib [gcc]
    arg [--as-needed] ==> ignore
    arg [-lgcc_s] ==> lib [gcc_s]
    arg [--no-as-needed] ==> ignore
  collapse library dir [/usr/bin/../lib64/gcc/x86_64-pc-linux-gnu/12.1.0] ==> [/usr/lib64/gcc/x86_64-pc-linux-gnu/12.1.0]
  collapse library dir [/usr/bin/../lib64/gcc/x86_64-pc-linux-gnu/12.1.0/../../../../lib64] ==> [/usr/lib64]
  collapse library dir [/lib/../lib64] ==> [/lib64]
  collapse library dir [/usr/lib/../lib64] ==> [/usr/lib64]
  collapse library dir [/usr/bin/../lib] ==> [/usr/lib]
  collapse library dir [/lib] ==> [/lib]
  collapse library dir [/usr/lib] ==> [/usr/lib]
  implicit libs: [omp;gcc;gcc_s;pthread;c;gcc;gcc_s]
  implicit objs: []
  implicit dirs: [/usr/lib64/gcc/x86_64-pc-linux-gnu/12.1.0;/usr/lib64;/lib64;/usr/lib;/lib]
  implicit fwks: []


Detecting CXX OpenMP compiler ABI info compiled with the following output:
Change Dir: /home/ego/projects/wut-cuda-orb-slam3/cmake-build-debug/CMakeFiles/CMakeTmp

Run Build Command(s):/home/ego/apps/clion/bin/ninja/linux/ninja cmTC_c9c3c && [1/2] Building CXX object CMakeFiles/cmTC_c9c3c.dir/OpenMPTryFlag.cpp.o
clang version 13.0.1
Target: x86_64-pc-linux-gnu
Thread model: posix
InstalledDir: /usr/bin
Found candidate GCC installation: /usr/bin/../lib/gcc/x86_64-pc-linux-gnu/12.1.0
Found candidate GCC installation: /usr/bin/../lib64/gcc/x86_64-pc-linux-gnu/12.1.0
Selected GCC installation: /usr/bin/../lib64/gcc/x86_64-pc-linux-gnu/12.1.0
Candidate multilib: .;@m64
Candidate multilib: 32;@m32
Selected multilib: .;@m64
Found HIP installation: /opt/rocm, version 4.3.21346-3ac9bda
 (in-process)
 "/usr/bin/clang-13" -cc1 -triple x86_64-pc-linux-gnu -emit-obj --mrelax-relocations -disable-free -disable-llvm-verifier -discard-value-names -main-file-name OpenMPTryFlag.cpp -mrelocation-model pic -pic-level 2 -pic-is-pie -mframe-pointer=none -fmath-errno -fno-rounding-math -mconstructor-aliases -munwind-tables -target-cpu x86-64 -tune-cpu generic -debugger-tuning=gdb -v -fcoverage-compilation-dir=/home/ego/projects/wut-cuda-orb-slam3/cmake-build-debug/CMakeFiles/CMakeTmp -resource-dir /usr/lib/clang/13.0.1 -dependency-file CMakeFiles/cmTC_c9c3c.dir/OpenMPTryFlag.cpp.o.d -MT CMakeFiles/cmTC_c9c3c.dir/OpenMPTryFlag.cpp.o -sys-header-deps -internal-isystem /usr/bin/../lib64/gcc/x86_64-pc-linux-gnu/12.1.0/../../../../include/c++/12.1.0 -internal-isystem /usr/bin/../lib64/gcc/x86_64-pc-linux-gnu/12.1.0/../../../../include/c++/12.1.0/x86_64-pc-linux-gnu -internal-isystem /usr/bin/../lib64/gcc/x86_64-pc-linux-gnu/12.1.0/../../../../include/c++/12.1.0/backward -internal-isystem /usr/lib/clang/13.0.1/include -internal-isystem /usr/local/include -internal-isystem /usr/bin/../lib64/gcc/x86_64-pc-linux-gnu/12.1.0/../../../../x86_64-pc-linux-gnu/include -internal-externc-isystem /include -internal-externc-isystem /usr/include -O3 -Wall -std=c++14 -fdeprecated-macro -fdebug-compilation-dir=/home/ego/projects/wut-cuda-orb-slam3/cmake-build-debug/CMakeFiles/CMakeTmp -ferror-limit 19 -fopenmp -stack-protector 2 -fgnuc-version=4.2.1 -fcxx-exceptions -fexceptions -vectorize-loops -vectorize-slp -faddrsig -D__GCC_HAVE_DWARF2_CFI_ASM=1 -o CMakeFiles/cmTC_c9c3c.dir/OpenMPTryFlag.cpp.o -x c++ /home/ego/projects/wut-cuda-orb-slam3/cmake-build-debug/CMakeFiles/FindOpenMP/OpenMPTryFlag.cpp
clang -cc1 version 13.0.1 based upon LLVM 13.0.1 default target x86_64-pc-linux-gnu
ignoring nonexistent directory "/usr/bin/../lib64/gcc/x86_64-pc-linux-gnu/12.1.0/../../../../x86_64-pc-linux-gnu/include"
ignoring nonexistent directory "/include"
#include "..." search starts here:
#include <...> search starts here:
 /usr/bin/../lib64/gcc/x86_64-pc-linux-gnu/12.1.0/../../../../include/c++/12.1.0
 /usr/bin/../lib64/gcc/x86_64-pc-linux-gnu/12.1.0/../../../../include/c++/12.1.0/x86_64-pc-linux-gnu
 /usr/bin/../lib64/gcc/x86_64-pc-linux-gnu/12.1.0/../../../../include/c++/12.1.0/backward
 /usr/lib/clang/13.0.1/include
 /usr/local/include
 /usr/include
End of search list.
[2/2] Linking CXX executable cmTC_c9c3c
clang version 13.0.1
Target: x86_64-pc-linux-gnu
Thread model: posix
InstalledDir: /usr/bin
Found candidate GCC installation: /usr/bin/../lib/gcc/x86_64-pc-linux-gnu/12.1.0
Found candidate GCC installation: /usr/bin/../lib64/gcc/x86_64-pc-linux-gnu/12.1.0
Selected GCC installation: /usr/bin/../lib64/gcc/x86_64-pc-linux-gnu/12.1.0
Candidate multilib: .;@m64
Candidate multilib: 32;@m32
Selected multilib: .;@m64
Found HIP installation: /opt/rocm, version 4.3.21346-3ac9bda
 "/usr/bin/ld" -pie --eh-frame-hdr -m elf_x86_64 -dynamic-linker /lib64/ld-linux-x86-64.so.2 -o cmTC_c9c3c /usr/bin/../lib64/gcc/x86_64-pc-linux-gnu/12.1.0/../../../../lib64/Scrt1.o /usr/bin/../lib64/gcc/x86_64-pc-linux-gnu/12.1.0/../../../../lib64/crti.o /usr/bin/../lib64/gcc/x86_64-pc-linux-gnu/12.1.0/crtbeginS.o -L/usr/bin/../lib64/gcc/x86_64-pc-linux-gnu/12.1.0 -L/usr/bin/../lib64/gcc/x86_64-pc-linux-gnu/12.1.0/../../../../lib64 -L/lib/../lib64 -L/usr/lib/../lib64 -L/usr/bin/../lib -L/lib -L/usr/lib CMakeFiles/cmTC_c9c3c.dir/OpenMPTryFlag.cpp.o -lstdc++ -lm -lomp -lgcc_s -lgcc -lpthread -lc -lgcc_s -lgcc /usr/bin/../lib64/gcc/x86_64-pc-linux-gnu/12.1.0/crtendS.o /usr/bin/../lib64/gcc/x86_64-pc-linux-gnu/12.1.0/../../../../lib64/crtn.o



Parsed CXX OpenMP implicit link information from above output:
  link line regex: [^( *|.*[/\])(ld\.lld|CMAKE_LINK_STARTFILE-NOTFOUND|([^/\]+-)?ld|collect2)[^/\]*( |$)]
  ignore line: [Change Dir: /home/ego/projects/wut-cuda-orb-slam3/cmake-build-debug/CMakeFiles/CMakeTmp]
  ignore line: []
  ignore line: [Run Build Command(s):/home/ego/apps/clion/bin/ninja/linux/ninja cmTC_c9c3c && [1/2] Building CXX object CMakeFiles/cmTC_c9c3c.dir/OpenMPTryFlag.cpp.o]
  ignore line: [clang version 13.0.1]
  ignore line: [Target: x86_64-pc-linux-gnu]
  ignore line: [Thread model: posix]
  ignore line: [InstalledDir: /usr/bin]
  ignore line: [Found candidate GCC installation: /usr/bin/../lib/gcc/x86_64-pc-linux-gnu/12.1.0]
  ignore line: [Found candidate GCC installation: /usr/bin/../lib64/gcc/x86_64-pc-linux-gnu/12.1.0]
  ignore line: [Selected GCC installation: /usr/bin/../lib64/gcc/x86_64-pc-linux-gnu/12.1.0]
  ignore line: [Candidate multilib: .]
  ignore line: [@m64]
  ignore line: [Candidate multilib: 32]
  ignore line: [@m32]
  ignore line: [Selected multilib: .]
  ignore line: [@m64]
  ignore line: [Found HIP installation: /opt/rocm  version 4.3.21346-3ac9bda]
  ignore line: [ (in-process)]
  ignore line: [ "/usr/bin/clang-13" -cc1 -triple x86_64-pc-linux-gnu -emit-obj --mrelax-relocations -disable-free -disable-llvm-verifier -discard-value-names -main-file-name OpenMPTryFlag.cpp -mrelocation-model pic -pic-level 2 -pic-is-pie -mframe-pointer=none -fmath-errno -fno-rounding-math -mconstructor-aliases -munwind-tables -target-cpu x86-64 -tune-cpu generic -debugger-tuning=gdb -v -fcoverage-compilation-dir=/home/ego/projects/wut-cuda-orb-slam3/cmake-build-debug/CMakeFiles/CMakeTmp -resource-dir /usr/lib/clang/13.0.1 -dependency-file CMakeFiles/cmTC_c9c3c.dir/OpenMPTryFlag.cpp.o.d -MT CMakeFiles/cmTC_c9c3c.dir/OpenMPTryFlag.cpp.o -sys-header-deps -internal-isystem /usr/bin/../lib64/gcc/x86_64-pc-linux-gnu/12.1.0/../../../../include/c++/12.1.0 -internal-isystem /usr/bin/../lib64/gcc/x86_64-pc-linux-gnu/12.1.0/../../../../include/c++/12.1.0/x86_64-pc-linux-gnu -internal-isystem /usr/bin/../lib64/gcc/x86_64-pc-linux-gnu/12.1.0/../../../../include/c++/12.1.0/backward -internal-isystem /usr/lib/clang/13.0.1/include -internal-isystem /usr/local/include -internal-isystem /usr/bin/../lib64/gcc/x86_64-pc-linux-gnu/12.1.0/../../../../x86_64-pc-linux-gnu/include -internal-externc-isystem /include -internal-externc-isystem /usr/include -O3 -Wall -std=c++14 -fdeprecated-macro -fdebug-compilation-dir=/home/ego/projects/wut-cuda-orb-slam3/cmake-build-debug/CMakeFiles/CMakeTmp -ferror-limit 19 -fopenmp -stack-protector 2 -fgnuc-version=4.2.1 -fcxx-exceptions -fexceptions -vectorize-loops -vectorize-slp -faddrsig -D__GCC_HAVE_DWARF2_CFI_ASM=1 -o CMakeFiles/cmTC_c9c3c.dir/OpenMPTryFlag.cpp.o -x c++ /home/ego/projects/wut-cuda-orb-slam3/cmake-build-debug/CMakeFiles/FindOpenMP/OpenMPTryFlag.cpp]
  ignore line: [clang -cc1 version 13.0.1 based upon LLVM 13.0.1 default target x86_64-pc-linux-gnu]
  ignore line: [ignoring nonexistent directory "/usr/bin/../lib64/gcc/x86_64-pc-linux-gnu/12.1.0/../../../../x86_64-pc-linux-gnu/include"]
  ignore line: [ignoring nonexistent directory "/include"]
  ignore line: [#include "..." search starts here:]
  ignore line: [#include <...> search starts here:]
  ignore line: [ /usr/bin/../lib64/gcc/x86_64-pc-linux-gnu/12.1.0/../../../../include/c++/12.1.0]
  ignore line: [ /usr/bin/../lib64/gcc/x86_64-pc-linux-gnu/12.1.0/../../../../include/c++/12.1.0/x86_64-pc-linux-gnu]
  ignore line: [ /usr/bin/../lib64/gcc/x86_64-pc-linux-gnu/12.1.0/../../../../include/c++/12.1.0/backward]
  ignore line: [ /usr/lib/clang/13.0.1/include]
  ignore line: [ /usr/local/include]
  ignore line: [ /usr/include]
  ignore line: [End of search list.]
  ignore line: [[2/2] Linking CXX executable cmTC_c9c3c]
  ignore line: [clang version 13.0.1]
  ignore line: [Target: x86_64-pc-linux-gnu]
  ignore line: [Thread model: posix]
  ignore line: [InstalledDir: /usr/bin]
  ignore line: [Found candidate GCC installation: /usr/bin/../lib/gcc/x86_64-pc-linux-gnu/12.1.0]
  ignore line: [Found candidate GCC installation: /usr/bin/../lib64/gcc/x86_64-pc-linux-gnu/12.1.0]
  ignore line: [Selected GCC installation: /usr/bin/../lib64/gcc/x86_64-pc-linux-gnu/12.1.0]
  ignore line: [Candidate multilib: .]
  ignore line: [@m64]
  ignore line: [Candidate multilib: 32]
  ignore line: [@m32]
  ignore line: [Selected multilib: .]
  ignore line: [@m64]
  ignore line: [Found HIP installation: /opt/rocm  version 4.3.21346-3ac9bda]
  link line: [ "/usr/bin/ld" -pie --eh-frame-hdr -m elf_x86_64 -dynamic-linker /lib64/ld-linux-x86-64.so.2 -o cmTC_c9c3c /usr/bin/../lib64/gcc/x86_64-pc-linux-gnu/12.1.0/../../../../lib64/Scrt1.o /usr/bin/../lib64/gcc/x86_64-pc-linux-gnu/12.1.0/../../../../lib64/crti.o /usr/bin/../lib64/gcc/x86_64-pc-linux-gnu/12.1.0/crtbeginS.o -L/usr/bin/../lib64/gcc/x86_64-pc-linux-gnu/12.1.0 -L/usr/bin/../lib64/gcc/x86_64-pc-linux-gnu/12.1.0/../../../../lib64 -L/lib/../lib64 -L/usr/lib/../lib64 -L/usr/bin/../lib -L/lib -L/usr/lib CMakeFiles/cmTC_c9c3c.dir/OpenMPTryFlag.cpp.o -lstdc++ -lm -lomp -lgcc_s -lgcc -lpthread -lc -lgcc_s -lgcc /usr/bin/../lib64/gcc/x86_64-pc-linux-gnu/12.1.0/crtendS.o /usr/bin/../lib64/gcc/x86_64-pc-linux-gnu/12.1.0/../../../../lib64/crtn.o]
    arg [/usr/bin/ld] ==> ignore
    arg [-pie] ==> ignore
    arg [--eh-frame-hdr] ==> ignore
    arg [-m] ==> ignore
    arg [elf_x86_64] ==> ignore
    arg [-dynamic-linker] ==> ignore
    arg [/lib64/ld-linux-x86-64.so.2] ==> ignore
    arg [-o] ==> ignore
    arg [cmTC_c9c3c] ==> ignore
    arg [-L/usr/bin/../lib64/gcc/x86_64-pc-linux-gnu/12.1.0] ==> dir [/usr/bin/../lib64/gcc/x86_64-pc-linux-gnu/12.1.0]
    arg [-L/usr/bin/../lib64/gcc/x86_64-pc-linux-gnu/12.1.0/../../../../lib64] ==> dir [/usr/bin/../lib64/gcc/x86_64-pc-linux-gnu/12.1.0/../../../../lib64]
    arg [-L/lib/../lib64] ==> dir [/lib/../lib64]
    arg [-L/usr/lib/../lib64] ==> dir [/usr/lib/../lib64]
    arg [-L/usr/bin/../lib] ==> dir [/usr/bin/../lib]
    arg [-L/lib] ==> dir [/lib]
    arg [-L/usr/lib] ==> dir [/usr/lib]
    arg [CMakeFiles/cmTC_c9c3c.dir/OpenMPTryFlag.cpp.o] ==> ignore
    arg [-lstdc++] ==> lib [stdc++]
    arg [-lm] ==> lib [m]
    arg [-lomp] ==> lib [omp]
    arg [-lgcc_s] ==> lib [gcc_s]
    arg [-lgcc] ==> lib [gcc]
    arg [-lpthread] ==> lib [pthread]
    arg [-lc] ==> lib [c]
    arg [-lgcc_s] ==> lib [gcc_s]
    arg [-lgcc] ==> lib [gcc]
  collapse library dir [/usr/bin/../lib64/gcc/x86_64-pc-linux-gnu/12.1.0] ==> [/usr/lib64/gcc/x86_64-pc-linux-gnu/12.1.0]
  collapse library dir [/usr/bin/../lib64/gcc/x86_64-pc-linux-gnu/12.1.0/../../../../lib64] ==> [/usr/lib64]
  collapse library dir [/lib/../lib64] ==> [/lib64]
  collapse library dir [/usr/lib/../lib64] ==> [/usr/lib64]
  collapse library dir [/usr/bin/../lib] ==> [/usr/lib]
  collapse library dir [/lib] ==> [/lib]
  collapse library dir [/usr/lib] ==> [/usr/lib]
  implicit libs: [stdc++;m;omp;gcc_s;gcc;pthread;c;gcc_s;gcc]
  implicit objs: []
  implicit dirs: [/usr/lib64/gcc/x86_64-pc-linux-gnu/12.1.0;/usr/lib64;/lib64;/usr/lib;/lib]
  implicit fwks: []


Determining if the CL_VERSION_2_2 exist passed with the following output:
Change Dir: /home/ego/projects/wut-cuda-orb-slam3/cmake-build-debug/CMakeFiles/CMakeTmp

Run Build Command(s):/home/ego/apps/clion/bin/ninja/linux/ninja cmTC_deab2 && [1/2] Building C object CMakeFiles/cmTC_deab2.dir/CheckSymbolExists.c.o
[2/2] Linking C executable cmTC_deab2


File /home/ego/projects/wut-cuda-orb-slam3/cmake-build-debug/CMakeFiles/CMakeTmp/CheckSymbolExists.c:
/* */
#include </usr/include/CL/cl.h>

int main(int argc, char** argv)
{
  (void)argv;
#ifndef CL_VERSION_2_2
  return ((int*)(&CL_VERSION_2_2))[argc];
#else
  (void)argc;
  return 0;
#endif
}
